{
  "D:/RS_School/GAMES/REACT/last/react/react-app/src/store/moviesSlice.tsx": {
    "path": "D:/RS_School/GAMES/REACT/last/react/react-app/src/store/moviesSlice.tsx",
    "statementMap": {
      "0": {
        "start": {
          "line": 2,
          "column": 27
        },
        "end": {
          "line": 9,
          "column": 2
        }
      },
      "1": {
        "start": {
          "line": 3,
          "column": 19
        },
        "end": {
          "line": 3,
          "column": 106
        }
      },
      "2": {
        "start": {
          "line": 4,
          "column": 2
        },
        "end": {
          "line": 6,
          "column": 3
        }
      },
      "3": {
        "start": {
          "line": 5,
          "column": 4
        },
        "end": {
          "line": 5,
          "column": 37
        }
      },
      "4": {
        "start": {
          "line": 7,
          "column": 15
        },
        "end": {
          "line": 7,
          "column": 36
        }
      },
      "5": {
        "start": {
          "line": 8,
          "column": 2
        },
        "end": {
          "line": 8,
          "column": 14
        }
      },
      "6": {
        "start": {
          "line": 10,
          "column": 21
        },
        "end": {
          "line": 15,
          "column": 1
        }
      },
      "7": {
        "start": {
          "line": 16,
          "column": 20
        },
        "end": {
          "line": 40,
          "column": 2
        }
      },
      "8": {
        "start": {
          "line": 21,
          "column": 6
        },
        "end": {
          "line": 21,
          "column": 36
        }
      },
      "9": {
        "start": {
          "line": 25,
          "column": 4
        },
        "end": {
          "line": 29,
          "column": 7
        }
      },
      "10": {
        "start": {
          "line": 26,
          "column": 6
        },
        "end": {
          "line": 26,
          "column": 31
        }
      },
      "11": {
        "start": {
          "line": 27,
          "column": 6
        },
        "end": {
          "line": 27,
          "column": 25
        }
      },
      "12": {
        "start": {
          "line": 28,
          "column": 6
        },
        "end": {
          "line": 28,
          "column": 29
        }
      },
      "13": {
        "start": {
          "line": 30,
          "column": 4
        },
        "end": {
          "line": 34,
          "column": 7
        }
      },
      "14": {
        "start": {
          "line": 31,
          "column": 6
        },
        "end": {
          "line": 31,
          "column": 32
        }
      },
      "15": {
        "start": {
          "line": 32,
          "column": 6
        },
        "end": {
          "line": 32,
          "column": 36
        }
      },
      "16": {
        "start": {
          "line": 33,
          "column": 6
        },
        "end": {
          "line": 33,
          "column": 30
        }
      },
      "17": {
        "start": {
          "line": 35,
          "column": 4
        },
        "end": {
          "line": 38,
          "column": 7
        }
      },
      "18": {
        "start": {
          "line": 36,
          "column": 6
        },
        "end": {
          "line": 36,
          "column": 32
        }
      },
      "19": {
        "start": {
          "line": 37,
          "column": 6
        },
        "end": {
          "line": 37,
          "column": 30
        }
      }
    },
    "fnMap": {
      "0": {
        "name": "(anonymous_0)",
        "decl": {
          "start": {
            "line": 2,
            "column": 66
          },
          "end": {
            "line": 2,
            "column": 67
          }
        },
        "loc": {
          "start": {
            "line": 2,
            "column": 94
          },
          "end": {
            "line": 9,
            "column": 1
          }
        },
        "line": 2
      },
      "1": {
        "name": "(anonymous_1)",
        "decl": {
          "start": {
            "line": 20,
            "column": 14
          },
          "end": {
            "line": 20,
            "column": 15
          }
        },
        "loc": {
          "start": {
            "line": 20,
            "column": 33
          },
          "end": {
            "line": 22,
            "column": 5
          }
        },
        "line": 20
      },
      "2": {
        "name": "(anonymous_2)",
        "decl": {
          "start": {
            "line": 24,
            "column": 17
          },
          "end": {
            "line": 24,
            "column": 18
          }
        },
        "loc": {
          "start": {
            "line": 24,
            "column": 30
          },
          "end": {
            "line": 39,
            "column": 3
          }
        },
        "line": 24
      },
      "3": {
        "name": "(anonymous_3)",
        "decl": {
          "start": {
            "line": 25,
            "column": 41
          },
          "end": {
            "line": 25,
            "column": 42
          }
        },
        "loc": {
          "start": {
            "line": 25,
            "column": 52
          },
          "end": {
            "line": 29,
            "column": 5
          }
        },
        "line": 25
      },
      "4": {
        "name": "(anonymous_4)",
        "decl": {
          "start": {
            "line": 30,
            "column": 43
          },
          "end": {
            "line": 30,
            "column": 44
          }
        },
        "loc": {
          "start": {
            "line": 30,
            "column": 62
          },
          "end": {
            "line": 34,
            "column": 5
          }
        },
        "line": 30
      },
      "5": {
        "name": "(anonymous_5)",
        "decl": {
          "start": {
            "line": 35,
            "column": 42
          },
          "end": {
            "line": 35,
            "column": 43
          }
        },
        "loc": {
          "start": {
            "line": 35,
            "column": 53
          },
          "end": {
            "line": 38,
            "column": 5
          }
        },
        "line": 35
      }
    },
    "branchMap": {
      "0": {
        "loc": {
          "start": {
            "line": 4,
            "column": 2
          },
          "end": {
            "line": 6,
            "column": 3
          }
        },
        "type": "if",
        "locations": [
          {
            "start": {
              "line": 4,
              "column": 2
            },
            "end": {
              "line": 6,
              "column": 3
            }
          },
          {
            "start": {},
            "end": {}
          }
        ],
        "line": 4
      }
    },
    "s": {
      "0": 12,
      "1": 4,
      "2": 4,
      "3": 0,
      "4": 4,
      "5": 4,
      "6": 12,
      "7": 12,
      "8": 0,
      "9": 12,
      "10": 4,
      "11": 4,
      "12": 4,
      "13": 12,
      "14": 4,
      "15": 4,
      "16": 4,
      "17": 12,
      "18": 0,
      "19": 0
    },
    "f": {
      "0": 4,
      "1": 0,
      "2": 12,
      "3": 4,
      "4": 4,
      "5": 0
    },
    "b": {
      "0": [
        0,
        4
      ]
    },
    "inputSourceMap": {
      "version": 3,
      "mappings": "AAAA,SAASA,aAA4BC,wBAAwB;AAItD,aAAMC,cAAcD,iBACzB,sBACA,eAAgBE,aAA8B;AAC5C,QAAMC,WAAW,MAAMC,MACpB,6DAA4DF,aAC/D;AACA,MAAI,CAACC,SAASE,IAAI;AAChB,UAAM,IAAIC,MAAM,eAAe;AAAA,EACjC;AACA,QAAMC,OAAO,MAAMJ,SAASK,KAAK;AACjC,SAAOD;AACT,CACF;AASA,MAAME,eAA4B;AAAA,EAChCC,QAAQ;AAAA,EACRC,QAAQ;AAAA,EACRC,OAAO;AAAA,EACPC,WAAW;AACb;AAEA,MAAMC,cAAcf,YAAY;AAAA,EAC9BgB,MAAM;AAAA,EACNN;AAAAA,EACAO,UAAU;AAAA,IACRC,UAAUA,CAACC,OAAOC,WAAwC;AACxDD,YAAMR,SAASS,OAAOC;AAAAA,IACxB;AAAA,EACF;AAAA,EACAC,eAAgBC,aAAY;AAC1BA,YAAQC,QAAQtB,YAAYuB,SAAS,CAACN,UAAuB;AAC3DA,YAAMP,SAAS;AACfO,YAAMN,QAAQ;AACdM,YAAML,YAAY;AAAA,IACpB,CAAC;AACDS,YAAQC,QACNtB,YAAYwB,WACZ,CAACP,OAAoBC,WAAwC;AAC3DD,YAAMP,SAAS;AACfO,YAAMR,SAASS,OAAOC;AACtBF,YAAML,YAAY;AAAA,IACpB,CACF;AACAS,YAAQC,QAAQtB,YAAYyB,UAAU,CAACR,UAAuB;AAC5DA,YAAMP,SAAS;AACfO,YAAML,YAAY;AAAA,IACpB,CAAC;AAAA,EACH;AACF,CAAC;AAID,eAAeC,YAAYa",
      "names": [
        "createSlice",
        "createAsyncThunk",
        "fetchMovies",
        "searchValue",
        "response",
        "fetch",
        "ok",
        "Error",
        "data",
        "json",
        "initialState",
        "movies",
        "status",
        "error",
        "isLoading",
        "moviesSlice",
        "name",
        "reducers",
        "setMovie",
        "state",
        "action",
        "payload",
        "extraReducers",
        "builder",
        "addCase",
        "pending",
        "fulfilled",
        "rejected",
        "reducer"
      ],
      "sources": [
        "D:/RS_School/GAMES/REACT/last/react/react-app/src/store/moviesSlice.tsx"
      ],
      "file": "D:/RS_School/GAMES/REACT/last/react/react-app/src/store/moviesSlice.tsx"
    },
    "_coverageSchema": "1a1c01bbd47fc00a2c39e90264f33305004495a9",
    "hash": "976315b13fc94f2a5cc2a5a4d0db5676d7d036f4"
  },
  "D:/RS_School/GAMES/REACT/last/react/react-app/src/store/searchBarSlice.tsx": {
    "path": "D:/RS_School/GAMES/REACT/last/react/react-app/src/store/searchBarSlice.tsx",
    "statementMap": {
      "0": {
        "start": {
          "line": 2,
          "column": 23
        },
        "end": {
          "line": 12,
          "column": 2
        }
      },
      "1": {
        "start": {
          "line": 9,
          "column": 6
        },
        "end": {
          "line": 9,
          "column": 35
        }
      },
      "2": {
        "start": {
          "line": 15,
          "column": 4
        },
        "end": {
          "line": 15,
          "column": 26
        }
      }
    },
    "fnMap": {
      "0": {
        "name": "(anonymous_0)",
        "decl": {
          "start": {
            "line": 8,
            "column": 14
          },
          "end": {
            "line": 8,
            "column": 15
          }
        },
        "loc": {
          "start": {
            "line": 8,
            "column": 33
          },
          "end": {
            "line": 10,
            "column": 5
          }
        },
        "line": 8
      }
    },
    "branchMap": {},
    "s": {
      "0": 12,
      "1": 26,
      "2": 12
    },
    "f": {
      "0": 26
    },
    "b": {},
    "inputSourceMap": {
      "version": 3,
      "mappings": "AAAA,SAASA,mBAAkC;AAE3C,MAAMC,iBAAiBD,YAAY;AAAA,EACjCE,MAAM;AAAA,EACNC,cAAc;AAAA,IACZC,OAAO;AAAA,EACT;AAAA,EACAC,UAAU;AAAA,IACRC,UAAUA,CAACC,OAAOC,WAAkC;AAClDD,YAAMH,QAAQI,OAAOC;AAAAA,IACvB;AAAA,EACF;AACF,CAAC;AACM,aAAM;AAAA,EAAEH;AAAS,IAAIL,eAAeS;AAE3C,eAAeT,eAAeU",
      "names": [
        "createSlice",
        "searchBarSlice",
        "name",
        "initialState",
        "value",
        "reducers",
        "setValue",
        "state",
        "action",
        "payload",
        "actions",
        "reducer"
      ],
      "sources": [
        "D:/RS_School/GAMES/REACT/last/react/react-app/src/store/searchBarSlice.tsx"
      ],
      "file": "D:/RS_School/GAMES/REACT/last/react/react-app/src/store/searchBarSlice.tsx"
    },
    "_coverageSchema": "1a1c01bbd47fc00a2c39e90264f33305004495a9",
    "hash": "d814c5f5b4ed4a81301520ae72d5c5b361c7f8fb"
  },
  "D:/RS_School/GAMES/REACT/last/react/react-app/src/store/cardFormSlice.tsx": {
    "path": "D:/RS_School/GAMES/REACT/last/react/react-app/src/store/cardFormSlice.tsx",
    "statementMap": {
      "0": {
        "start": {
          "line": 2,
          "column": 21
        },
        "end": {
          "line": 4,
          "column": 1
        }
      },
      "1": {
        "start": {
          "line": 5,
          "column": 29
        },
        "end": {
          "line": 13,
          "column": 2
        }
      },
      "2": {
        "start": {
          "line": 10,
          "column": 6
        },
        "end": {
          "line": 10,
          "column": 42
        }
      },
      "3": {
        "start": {
          "line": 16,
          "column": 4
        },
        "end": {
          "line": 16,
          "column": 25
        }
      }
    },
    "fnMap": {
      "0": {
        "name": "(anonymous_0)",
        "decl": {
          "start": {
            "line": 9,
            "column": 17
          },
          "end": {
            "line": 9,
            "column": 18
          }
        },
        "loc": {
          "start": {
            "line": 9,
            "column": 36
          },
          "end": {
            "line": 11,
            "column": 5
          }
        },
        "line": 9
      }
    },
    "branchMap": {},
    "s": {
      "0": 12,
      "1": 12,
      "2": 2,
      "3": 12
    },
    "f": {
      "0": 2
    },
    "b": {},
    "inputSourceMap": {
      "version": 3,
      "mappings": "AAAA,SAASA,mBAAkC;AAiB3C,MAAMC,eAA+B;AAAA,EACnCC,UAAU;AACZ;AAEO,aAAMC,gBAAgBH,YAAY;AAAA,EACvCI,MAAM;AAAA,EACNH;AAAAA,EACAI,UAAU;AAAA,IACRC,aAAaA,CAACC,OAAOC,WAAqC;AACxDD,YAAML,SAASO,KAAKD,OAAOE,OAAO;AAAA,IACpC;AAAA,EACF;AACF,CAAC;AAEM,aAAM;AAAA,EAAEJ;AAAY,IAAIH,cAAcQ;AAE7C,eAAeR,cAAcS",
      "names": [
        "createSlice",
        "initialState",
        "cardData",
        "cardFormSlice",
        "name",
        "reducers",
        "setFormData",
        "state",
        "action",
        "push",
        "payload",
        "actions",
        "reducer"
      ],
      "sources": [
        "D:/RS_School/GAMES/REACT/last/react/react-app/src/store/cardFormSlice.tsx"
      ],
      "file": "D:/RS_School/GAMES/REACT/last/react/react-app/src/store/cardFormSlice.tsx"
    },
    "_coverageSchema": "1a1c01bbd47fc00a2c39e90264f33305004495a9",
    "hash": "5fb279dc2587615d14768aa1325daa4f19c1da82"
  },
  "D:/RS_School/GAMES/REACT/last/react/react-app/src/store/popupSlice.tsx": {
    "path": "D:/RS_School/GAMES/REACT/last/react/react-app/src/store/popupSlice.tsx",
    "statementMap": {
      "0": {
        "start": {
          "line": 2,
          "column": 31
        },
        "end": {
          "line": 9,
          "column": 2
        }
      },
      "1": {
        "start": {
          "line": 3,
          "column": 19
        },
        "end": {
          "line": 3,
          "column": 90
        }
      },
      "2": {
        "start": {
          "line": 4,
          "column": 2
        },
        "end": {
          "line": 6,
          "column": 3
        }
      },
      "3": {
        "start": {
          "line": 5,
          "column": 4
        },
        "end": {
          "line": 5,
          "column": 37
        }
      },
      "4": {
        "start": {
          "line": 7,
          "column": 15
        },
        "end": {
          "line": 7,
          "column": 36
        }
      },
      "5": {
        "start": {
          "line": 8,
          "column": 2
        },
        "end": {
          "line": 8,
          "column": 14
        }
      },
      "6": {
        "start": {
          "line": 10,
          "column": 21
        },
        "end": {
          "line": 14,
          "column": 1
        }
      },
      "7": {
        "start": {
          "line": 15,
          "column": 19
        },
        "end": {
          "line": 36,
          "column": 2
        }
      },
      "8": {
        "start": {
          "line": 20,
          "column": 6
        },
        "end": {
          "line": 20,
          "column": 36
        }
      },
      "9": {
        "start": {
          "line": 24,
          "column": 4
        },
        "end": {
          "line": 27,
          "column": 7
        }
      },
      "10": {
        "start": {
          "line": 25,
          "column": 6
        },
        "end": {
          "line": 25,
          "column": 31
        }
      },
      "11": {
        "start": {
          "line": 26,
          "column": 6
        },
        "end": {
          "line": 26,
          "column": 25
        }
      },
      "12": {
        "start": {
          "line": 28,
          "column": 4
        },
        "end": {
          "line": 31,
          "column": 7
        }
      },
      "13": {
        "start": {
          "line": 29,
          "column": 6
        },
        "end": {
          "line": 29,
          "column": 32
        }
      },
      "14": {
        "start": {
          "line": 30,
          "column": 6
        },
        "end": {
          "line": 30,
          "column": 36
        }
      },
      "15": {
        "start": {
          "line": 32,
          "column": 4
        },
        "end": {
          "line": 34,
          "column": 7
        }
      },
      "16": {
        "start": {
          "line": 33,
          "column": 6
        },
        "end": {
          "line": 33,
          "column": 32
        }
      },
      "17": {
        "start": {
          "line": 37,
          "column": 24
        },
        "end": {
          "line": 37,
          "column": 42
        }
      }
    },
    "fnMap": {
      "0": {
        "name": "(anonymous_0)",
        "decl": {
          "start": {
            "line": 2,
            "column": 74
          },
          "end": {
            "line": 2,
            "column": 75
          }
        },
        "loc": {
          "start": {
            "line": 2,
            "column": 93
          },
          "end": {
            "line": 9,
            "column": 1
          }
        },
        "line": 2
      },
      "1": {
        "name": "(anonymous_1)",
        "decl": {
          "start": {
            "line": 19,
            "column": 14
          },
          "end": {
            "line": 19,
            "column": 15
          }
        },
        "loc": {
          "start": {
            "line": 19,
            "column": 33
          },
          "end": {
            "line": 21,
            "column": 5
          }
        },
        "line": 19
      },
      "2": {
        "name": "(anonymous_2)",
        "decl": {
          "start": {
            "line": 23,
            "column": 17
          },
          "end": {
            "line": 23,
            "column": 18
          }
        },
        "loc": {
          "start": {
            "line": 23,
            "column": 30
          },
          "end": {
            "line": 35,
            "column": 3
          }
        },
        "line": 23
      },
      "3": {
        "name": "(anonymous_3)",
        "decl": {
          "start": {
            "line": 24,
            "column": 45
          },
          "end": {
            "line": 24,
            "column": 46
          }
        },
        "loc": {
          "start": {
            "line": 24,
            "column": 56
          },
          "end": {
            "line": 27,
            "column": 5
          }
        },
        "line": 24
      },
      "4": {
        "name": "(anonymous_4)",
        "decl": {
          "start": {
            "line": 28,
            "column": 47
          },
          "end": {
            "line": 28,
            "column": 48
          }
        },
        "loc": {
          "start": {
            "line": 28,
            "column": 66
          },
          "end": {
            "line": 31,
            "column": 5
          }
        },
        "line": 28
      },
      "5": {
        "name": "(anonymous_5)",
        "decl": {
          "start": {
            "line": 32,
            "column": 46
          },
          "end": {
            "line": 32,
            "column": 47
          }
        },
        "loc": {
          "start": {
            "line": 32,
            "column": 57
          },
          "end": {
            "line": 34,
            "column": 5
          }
        },
        "line": 32
      }
    },
    "branchMap": {
      "0": {
        "loc": {
          "start": {
            "line": 4,
            "column": 2
          },
          "end": {
            "line": 6,
            "column": 3
          }
        },
        "type": "if",
        "locations": [
          {
            "start": {
              "line": 4,
              "column": 2
            },
            "end": {
              "line": 6,
              "column": 3
            }
          },
          {
            "start": {},
            "end": {}
          }
        ],
        "line": 4
      }
    },
    "s": {
      "0": 12,
      "1": 4,
      "2": 4,
      "3": 0,
      "4": 4,
      "5": 4,
      "6": 12,
      "7": 12,
      "8": 0,
      "9": 12,
      "10": 4,
      "11": 4,
      "12": 12,
      "13": 4,
      "14": 4,
      "15": 12,
      "16": 0,
      "17": 12
    },
    "f": {
      "0": 4,
      "1": 0,
      "2": 12,
      "3": 4,
      "4": 4,
      "5": 0
    },
    "b": {
      "0": [
        0,
        4
      ]
    },
    "inputSourceMap": {
      "version": 3,
      "mappings": "AAAA,SAASA,aAA4BC,wBAAwB;AAKtD,aAAMC,kBAAkBD,iBAC7B,0BACA,eAAgBE,IAAY;AAC1B,QAAMC,WAAW,MAAMC,MAAO,sDAAqDF,IAAI;AACvF,MAAI,CAACC,SAASE,IAAI;AAChB,UAAM,IAAIC,MAAM,eAAe;AAAA,EACjC;AACA,QAAMC,OAAO,MAAMJ,SAASK,KAAK;AACjC,SAAOD;AACT,CACF;AAEA,MAAME,eAA4B;AAAA,EAChCC,QAAQ;AAAA,EACRC,QAAQ;AAAA,EACRC,OAAO;AACT;AAEA,MAAMC,aAAad,YAAY;AAAA,EAC7Be,MAAM;AAAA,EACNL;AAAAA,EACAM,UAAU;AAAA,IACRC,UAAUA,CAACC,OAAOC,WAAwC;AACxDD,YAAMP,SAASQ,OAAOC;AAAAA,IACxB;AAAA,EACF;AAAA,EACAC,eAAgBC,aAAY;AAC1BA,YAAQC,QAAQrB,gBAAgBsB,SAAS,CAACN,UAAuB;AAC/DA,YAAMN,SAAS;AACfM,YAAML,QAAQ;AAAA,IAChB,CAAC;AACDS,YAAQC,QACNrB,gBAAgBuB,WAChB,CAACP,OAAoBC,WAAwC;AAC3DD,YAAMN,SAAS;AACfM,YAAMP,SAASQ,OAAOC;AAAAA,IACxB,CACF;AACAE,YAAQC,QAAQrB,gBAAgBwB,UAAU,CAACR,UAAuB;AAChEA,YAAMN,SAAS;AAAA,IACjB,CAAC;AAAA,EACH;AACF,CAAC;AAEM,aAAMK,WAAWH,WAAWa;AAEnC,eAAeb,WAAWc",
      "names": [
        "createSlice",
        "createAsyncThunk",
        "fetchPopupMovie",
        "id",
        "response",
        "fetch",
        "ok",
        "Error",
        "data",
        "json",
        "initialState",
        "movies",
        "status",
        "error",
        "popupSlice",
        "name",
        "reducers",
        "setMovie",
        "state",
        "action",
        "payload",
        "extraReducers",
        "builder",
        "addCase",
        "pending",
        "fulfilled",
        "rejected",
        "actions",
        "reducer"
      ],
      "sources": [
        "D:/RS_School/GAMES/REACT/last/react/react-app/src/store/popupSlice.tsx"
      ],
      "file": "D:/RS_School/GAMES/REACT/last/react/react-app/src/store/popupSlice.tsx"
    },
    "_coverageSchema": "1a1c01bbd47fc00a2c39e90264f33305004495a9",
    "hash": "36c14c2c26a91b264658a08d6aee8d484e99706c"
  },
  "D:/RS_School/GAMES/REACT/last/react/react-app/src/store/store.ts": {
    "path": "D:/RS_School/GAMES/REACT/last/react/react-app/src/store/store.ts",
    "statementMap": {
      "0": {
        "start": {
          "line": 6,
          "column": 44
        },
        "end": {
          "line": 6,
          "column": 76
        }
      },
      "1": {
        "start": {
          "line": 7,
          "column": 20
        },
        "end": {
          "line": 12,
          "column": 2
        }
      },
      "2": {
        "start": {
          "line": 13,
          "column": 26
        },
        "end": {
          "line": 21,
          "column": 2
        }
      },
      "3": {
        "start": {
          "line": 13,
          "column": 46
        },
        "end": {
          "line": 21,
          "column": 2
        }
      },
      "4": {
        "start": {
          "line": 17,
          "column": 4
        },
        "end": {
          "line": 19,
          "column": 7
        }
      }
    },
    "fnMap": {
      "0": {
        "name": "(anonymous_0)",
        "decl": {
          "start": {
            "line": 13,
            "column": 26
          },
          "end": {
            "line": 13,
            "column": 27
          }
        },
        "loc": {
          "start": {
            "line": 13,
            "column": 46
          },
          "end": {
            "line": 21,
            "column": 2
          }
        },
        "line": 13
      },
      "1": {
        "name": "(anonymous_1)",
        "decl": {
          "start": {
            "line": 16,
            "column": 14
          },
          "end": {
            "line": 16,
            "column": 15
          }
        },
        "loc": {
          "start": {
            "line": 16,
            "column": 40
          },
          "end": {
            "line": 20,
            "column": 3
          }
        },
        "line": 16
      }
    },
    "branchMap": {
      "0": {
        "loc": {
          "start": {
            "line": 6,
            "column": 44
          },
          "end": {
            "line": 6,
            "column": 76
          }
        },
        "type": "binary-expr",
        "locations": [
          {
            "start": {
              "line": 6,
              "column": 44
            },
            "end": {
              "line": 6,
              "column": 62
            }
          },
          {
            "start": {
              "line": 6,
              "column": 66
            },
            "end": {
              "line": 6,
              "column": 76
            }
          }
        ],
        "line": 6
      }
    },
    "s": {
      "0": 12,
      "1": 12,
      "2": 12,
      "3": 12,
      "4": 12
    },
    "f": {
      "0": 12,
      "1": 12
    },
    "b": {
      "0": [
        12,
        12
      ]
    },
    "inputSourceMap": {
      "version": 3,
      "sources": [
        "D:/RS_School/GAMES/REACT/last/react/react-app/src/store/store.ts"
      ],
      "mappings": "AAAA,OAAO,iBAAiB;AACxB,OAAO,oBAAoB;AAC3B,OAAO,mBAAmB;AAC1B,OAAO,gBAAgB;AACvB,YAAY,gBAAgB;AAE5B,MAAM,EAAE,iBAAiB,eAAe,IAAM,WAA8B,WAC1E;AAEF,MAAM,cAAc,gBAAgB;AAAA,EAClC,QAAQ;AAAA,EACR,QAAQ;AAAA,EACR,OAAO;AAAA,EACP,MAAM;AACR,CAAC;AACM,aAAM,aAAa,CACxB,mBAEA,eAAe;AAAA,EACb,SAAS;AAAA,EACT;AAAA,EACA,YAAY,CAAC,yBAAyB;AACpC,WAAO,qBAAqB;AAAA,MAC1B,mBAAmB;AAAA,IACrB,CAAC;AAAA,EACH;AACF,CAAC;",
      "names": []
    },
    "_coverageSchema": "1a1c01bbd47fc00a2c39e90264f33305004495a9",
    "hash": "faddaaf219587aa1d3efb9eb314115e7be7fda67"
  },
  "D:/RS_School/GAMES/REACT/last/react/react-app/src/pages/AboutPage.tsx": {
    "path": "D:/RS_School/GAMES/REACT/last/react/react-app/src/pages/AboutPage.tsx",
    "statementMap": {
      "0": {
        "start": {
          "line": 5,
          "column": 0
        },
        "end": {
          "line": 15,
          "column": 1
        }
      },
      "1": {
        "start": {
          "line": 6,
          "column": 2
        },
        "end": {
          "line": 8,
          "column": 3
        }
      },
      "2": {
        "start": {
          "line": 7,
          "column": 4
        },
        "end": {
          "line": 7,
          "column": 165
        }
      },
      "3": {
        "start": {
          "line": 9,
          "column": 2
        },
        "end": {
          "line": 9,
          "column": 39
        }
      },
      "4": {
        "start": {
          "line": 10,
          "column": 2
        },
        "end": {
          "line": 10,
          "column": 39
        }
      },
      "5": {
        "start": {
          "line": 11,
          "column": 2
        },
        "end": {
          "line": 13,
          "column": 4
        }
      },
      "6": {
        "start": {
          "line": 12,
          "column": 4
        },
        "end": {
          "line": 12,
          "column": 113
        }
      },
      "7": {
        "start": {
          "line": 14,
          "column": 2
        },
        "end": {
          "line": 14,
          "column": 75
        }
      },
      "8": {
        "start": {
          "line": 17,
          "column": 2
        },
        "end": {
          "line": 25,
          "column": 11
        }
      },
      "9": {
        "start": {
          "line": 27,
          "column": 0
        },
        "end": {
          "line": 27,
          "column": 15
        }
      },
      "10": {
        "start": {
          "line": 30,
          "column": 0
        },
        "end": {
          "line": 30,
          "column": 30
        }
      },
      "11": {
        "start": {
          "line": 31,
          "column": 0
        },
        "end": {
          "line": 47,
          "column": 1
        }
      },
      "12": {
        "start": {
          "line": 32,
          "column": 2
        },
        "end": {
          "line": 32,
          "column": 39
        }
      },
      "13": {
        "start": {
          "line": 33,
          "column": 2
        },
        "end": {
          "line": 33,
          "column": 39
        }
      },
      "14": {
        "start": {
          "line": 34,
          "column": 2
        },
        "end": {
          "line": 46,
          "column": 5
        }
      },
      "15": {
        "start": {
          "line": 38,
          "column": 4
        },
        "end": {
          "line": 38,
          "column": 139
        }
      },
      "16": {
        "start": {
          "line": 39,
          "column": 4
        },
        "end": {
          "line": 45,
          "column": 7
        }
      },
      "17": {
        "start": {
          "line": 40,
          "column": 6
        },
        "end": {
          "line": 41,
          "column": 15
        }
      },
      "18": {
        "start": {
          "line": 41,
          "column": 8
        },
        "end": {
          "line": 41,
          "column": 15
        }
      },
      "19": {
        "start": {
          "line": 42,
          "column": 32
        },
        "end": {
          "line": 42,
          "column": 115
        }
      },
      "20": {
        "start": {
          "line": 43,
          "column": 6
        },
        "end": {
          "line": 44,
          "column": 54
        }
      },
      "21": {
        "start": {
          "line": 44,
          "column": 8
        },
        "end": {
          "line": 44,
          "column": 54
        }
      }
    },
    "fnMap": {
      "0": {
        "name": "(anonymous_0)",
        "decl": {
          "start": {
            "line": 11,
            "column": 24
          },
          "end": {
            "line": 11,
            "column": 25
          }
        },
        "loc": {
          "start": {
            "line": 11,
            "column": 38
          },
          "end": {
            "line": 13,
            "column": 3
          }
        },
        "line": 11
      },
      "1": {
        "name": "AboutPage",
        "decl": {
          "start": {
            "line": 16,
            "column": 9
          },
          "end": {
            "line": 16,
            "column": 18
          }
        },
        "loc": {
          "start": {
            "line": 16,
            "column": 21
          },
          "end": {
            "line": 26,
            "column": 1
          }
        },
        "line": 16
      },
      "2": {
        "name": "(anonymous_2)",
        "decl": {
          "start": {
            "line": 37,
            "column": 9
          },
          "end": {
            "line": 37,
            "column": 10
          }
        },
        "loc": {
          "start": {
            "line": 37,
            "column": 29
          },
          "end": {
            "line": 46,
            "column": 3
          }
        },
        "line": 37
      },
      "3": {
        "name": "(anonymous_3)",
        "decl": {
          "start": {
            "line": 39,
            "column": 27
          },
          "end": {
            "line": 39,
            "column": 28
          }
        },
        "loc": {
          "start": {
            "line": 39,
            "column": 44
          },
          "end": {
            "line": 45,
            "column": 5
          }
        },
        "line": 39
      }
    },
    "branchMap": {
      "0": {
        "loc": {
          "start": {
            "line": 5,
            "column": 0
          },
          "end": {
            "line": 15,
            "column": 1
          }
        },
        "type": "if",
        "locations": [
          {
            "start": {
              "line": 5,
              "column": 0
            },
            "end": {
              "line": 15,
              "column": 1
            }
          },
          {
            "start": {},
            "end": {}
          }
        ],
        "line": 5
      },
      "1": {
        "loc": {
          "start": {
            "line": 6,
            "column": 2
          },
          "end": {
            "line": 8,
            "column": 3
          }
        },
        "type": "if",
        "locations": [
          {
            "start": {
              "line": 6,
              "column": 2
            },
            "end": {
              "line": 8,
              "column": 3
            }
          },
          {
            "start": {},
            "end": {}
          }
        ],
        "line": 6
      },
      "2": {
        "loc": {
          "start": {
            "line": 31,
            "column": 0
          },
          "end": {
            "line": 47,
            "column": 1
          }
        },
        "type": "if",
        "locations": [
          {
            "start": {
              "line": 31,
              "column": 0
            },
            "end": {
              "line": 47,
              "column": 1
            }
          },
          {
            "start": {},
            "end": {}
          }
        ],
        "line": 31
      },
      "3": {
        "loc": {
          "start": {
            "line": 40,
            "column": 6
          },
          "end": {
            "line": 41,
            "column": 15
          }
        },
        "type": "if",
        "locations": [
          {
            "start": {
              "line": 40,
              "column": 6
            },
            "end": {
              "line": 41,
              "column": 15
            }
          },
          {
            "start": {},
            "end": {}
          }
        ],
        "line": 40
      },
      "4": {
        "loc": {
          "start": {
            "line": 43,
            "column": 6
          },
          "end": {
            "line": 44,
            "column": 54
          }
        },
        "type": "if",
        "locations": [
          {
            "start": {
              "line": 43,
              "column": 6
            },
            "end": {
              "line": 44,
              "column": 54
            }
          },
          {
            "start": {},
            "end": {}
          }
        ],
        "line": 43
      }
    },
    "s": {
      "0": 12,
      "1": 12,
      "2": 0,
      "3": 12,
      "4": 12,
      "5": 12,
      "6": 12,
      "7": 12,
      "8": 12,
      "9": 12,
      "10": 12,
      "11": 12,
      "12": 12,
      "13": 12,
      "14": 12,
      "15": 12,
      "16": 12,
      "17": 0,
      "18": 0,
      "19": 0,
      "20": 0,
      "21": 0
    },
    "f": {
      "0": 12,
      "1": 12,
      "2": 12,
      "3": 0
    },
    "b": {
      "0": [
        12,
        0
      ],
      "1": [
        0,
        12
      ],
      "2": [
        12,
        0
      ],
      "3": [
        0,
        0
      ],
      "4": [
        0,
        0
      ]
    },
    "inputSourceMap": {
      "version": 3,
      "mappings": "AAGM;AAHN,2BAAqB;AAAA;AAAA;AAAA;AAAA;AAAA;AAAA;AAAA;AAAA;AAAA;AAAA;AAAA;AAAA;AAAA;AAAA;AACnB,SACE,uBAAC,SAAI,WAAU,WACb,iCAAC,OAAE,WAAU,YAAW,wBAAxB;AAAA;AAAA;AAAA;AAAA,SAAgC,KADlC;AAAA;AAAA;AAAA;AAAA,SAEA;AAEJ;AAACA,KANQC;AAQT,SAASA;AAAY;AAAAC",
      "names": [
        "_c",
        "AboutPage",
        "$RefreshReg$"
      ],
      "sources": [
        "D:/RS_School/GAMES/REACT/last/react/react-app/src/pages/AboutPage.tsx"
      ],
      "file": "D:/RS_School/GAMES/REACT/last/react/react-app/src/pages/AboutPage.tsx"
    },
    "_coverageSchema": "1a1c01bbd47fc00a2c39e90264f33305004495a9",
    "hash": "d1505019e6a265ea2f84eab245dc14011abb8709"
  },
  "D:/RS_School/GAMES/REACT/last/react/react-app/src/hooks.ts": {
    "path": "D:/RS_School/GAMES/REACT/last/react/react-app/src/hooks.ts",
    "statementMap": {
      "0": {
        "start": {
          "line": 2,
          "column": 30
        },
        "end": {
          "line": 2,
          "column": 41
        }
      },
      "1": {
        "start": {
          "line": 3,
          "column": 30
        },
        "end": {
          "line": 3,
          "column": 41
        }
      }
    },
    "fnMap": {},
    "branchMap": {},
    "s": {
      "0": 12,
      "1": 12
    },
    "f": {},
    "b": {},
    "inputSourceMap": {
      "version": 3,
      "sources": [
        "D:/RS_School/GAMES/REACT/last/react/react-app/src/hooks.ts"
      ],
      "mappings": "AAAA,SAAS,aAAa,mBAAmB;AAIlC,aAAM,iBAAoC;AAC1C,aAAM,iBAAkD;",
      "names": []
    },
    "_coverageSchema": "1a1c01bbd47fc00a2c39e90264f33305004495a9",
    "hash": "f3f2fb757c5e6eed213c0a21b6930c4f20905be0"
  },
  "D:/RS_School/GAMES/REACT/last/react/react-app/src/components/SearchBar.tsx": {
    "path": "D:/RS_School/GAMES/REACT/last/react/react-app/src/components/SearchBar.tsx",
    "statementMap": {
      "0": {
        "start": {
          "line": 5,
          "column": 0
        },
        "end": {
          "line": 15,
          "column": 1
        }
      },
      "1": {
        "start": {
          "line": 6,
          "column": 2
        },
        "end": {
          "line": 8,
          "column": 3
        }
      },
      "2": {
        "start": {
          "line": 7,
          "column": 4
        },
        "end": {
          "line": 7,
          "column": 165
        }
      },
      "3": {
        "start": {
          "line": 9,
          "column": 2
        },
        "end": {
          "line": 9,
          "column": 39
        }
      },
      "4": {
        "start": {
          "line": 10,
          "column": 2
        },
        "end": {
          "line": 10,
          "column": 39
        }
      },
      "5": {
        "start": {
          "line": 11,
          "column": 2
        },
        "end": {
          "line": 13,
          "column": 4
        }
      },
      "6": {
        "start": {
          "line": 12,
          "column": 4
        },
        "end": {
          "line": 12,
          "column": 118
        }
      },
      "7": {
        "start": {
          "line": 14,
          "column": 2
        },
        "end": {
          "line": 14,
          "column": 75
        }
      },
      "8": {
        "start": {
          "line": 16,
          "column": 9
        },
        "end": {
          "line": 16,
          "column": 23
        }
      },
      "9": {
        "start": {
          "line": 21,
          "column": 2
        },
        "end": {
          "line": 21,
          "column": 7
        }
      },
      "10": {
        "start": {
          "line": 22,
          "column": 19
        },
        "end": {
          "line": 22,
          "column": 35
        }
      },
      "11": {
        "start": {
          "line": 23,
          "column": 16
        },
        "end": {
          "line": 23,
          "column": 61
        }
      },
      "12": {
        "start": {
          "line": 23,
          "column": 42
        },
        "end": {
          "line": 23,
          "column": 60
        }
      },
      "13": {
        "start": {
          "line": 24,
          "column": 28
        },
        "end": {
          "line": 26,
          "column": 3
        }
      },
      "14": {
        "start": {
          "line": 25,
          "column": 4
        },
        "end": {
          "line": 25,
          "column": 28
        }
      },
      "15": {
        "start": {
          "line": 27,
          "column": 23
        },
        "end": {
          "line": 30,
          "column": 3
        }
      },
      "16": {
        "start": {
          "line": 28,
          "column": 24
        },
        "end": {
          "line": 28,
          "column": 42
        }
      },
      "17": {
        "start": {
          "line": 29,
          "column": 4
        },
        "end": {
          "line": 29,
          "column": 39
        }
      },
      "18": {
        "start": {
          "line": 31,
          "column": 23
        },
        "end": {
          "line": 34,
          "column": 3
        }
      },
      "19": {
        "start": {
          "line": 32,
          "column": 4
        },
        "end": {
          "line": 32,
          "column": 27
        }
      },
      "20": {
        "start": {
          "line": 33,
          "column": 4
        },
        "end": {
          "line": 33,
          "column": 19
        }
      },
      "21": {
        "start": {
          "line": 35,
          "column": 2
        },
        "end": {
          "line": 50,
          "column": 11
        }
      },
      "22": {
        "start": {
          "line": 35,
          "column": 85
        },
        "end": {
          "line": 35,
          "column": 100
        }
      },
      "23": {
        "start": {
          "line": 36,
          "column": 160
        },
        "end": {
          "line": 36,
          "column": 197
        }
      },
      "24": {
        "start": {
          "line": 52,
          "column": 0
        },
        "end": {
          "line": 54,
          "column": 3
        }
      },
      "25": {
        "start": {
          "line": 53,
          "column": 2
        },
        "end": {
          "line": 53,
          "column": 42
        }
      },
      "26": {
        "start": {
          "line": 55,
          "column": 0
        },
        "end": {
          "line": 55,
          "column": 15
        }
      },
      "27": {
        "start": {
          "line": 58,
          "column": 0
        },
        "end": {
          "line": 58,
          "column": 30
        }
      },
      "28": {
        "start": {
          "line": 59,
          "column": 0
        },
        "end": {
          "line": 75,
          "column": 1
        }
      },
      "29": {
        "start": {
          "line": 60,
          "column": 2
        },
        "end": {
          "line": 60,
          "column": 39
        }
      },
      "30": {
        "start": {
          "line": 61,
          "column": 2
        },
        "end": {
          "line": 61,
          "column": 39
        }
      },
      "31": {
        "start": {
          "line": 62,
          "column": 2
        },
        "end": {
          "line": 74,
          "column": 5
        }
      },
      "32": {
        "start": {
          "line": 66,
          "column": 4
        },
        "end": {
          "line": 66,
          "column": 144
        }
      },
      "33": {
        "start": {
          "line": 67,
          "column": 4
        },
        "end": {
          "line": 73,
          "column": 7
        }
      },
      "34": {
        "start": {
          "line": 68,
          "column": 6
        },
        "end": {
          "line": 69,
          "column": 15
        }
      },
      "35": {
        "start": {
          "line": 69,
          "column": 8
        },
        "end": {
          "line": 69,
          "column": 15
        }
      },
      "36": {
        "start": {
          "line": 70,
          "column": 32
        },
        "end": {
          "line": 70,
          "column": 115
        }
      },
      "37": {
        "start": {
          "line": 71,
          "column": 6
        },
        "end": {
          "line": 72,
          "column": 54
        }
      },
      "38": {
        "start": {
          "line": 72,
          "column": 8
        },
        "end": {
          "line": 72,
          "column": 54
        }
      }
    },
    "fnMap": {
      "0": {
        "name": "(anonymous_0)",
        "decl": {
          "start": {
            "line": 11,
            "column": 24
          },
          "end": {
            "line": 11,
            "column": 25
          }
        },
        "loc": {
          "start": {
            "line": 11,
            "column": 38
          },
          "end": {
            "line": 13,
            "column": 3
          }
        },
        "line": 11
      },
      "1": {
        "name": "SearchBar",
        "decl": {
          "start": {
            "line": 20,
            "column": 9
          },
          "end": {
            "line": 20,
            "column": 18
          }
        },
        "loc": {
          "start": {
            "line": 20,
            "column": 21
          },
          "end": {
            "line": 51,
            "column": 1
          }
        },
        "line": 20
      },
      "2": {
        "name": "(anonymous_2)",
        "decl": {
          "start": {
            "line": 23,
            "column": 31
          },
          "end": {
            "line": 23,
            "column": 32
          }
        },
        "loc": {
          "start": {
            "line": 23,
            "column": 42
          },
          "end": {
            "line": 23,
            "column": 60
          }
        },
        "line": 23
      },
      "3": {
        "name": "(anonymous_3)",
        "decl": {
          "start": {
            "line": 24,
            "column": 28
          },
          "end": {
            "line": 24,
            "column": 29
          }
        },
        "loc": {
          "start": {
            "line": 24,
            "column": 37
          },
          "end": {
            "line": 26,
            "column": 3
          }
        },
        "line": 24
      },
      "4": {
        "name": "(anonymous_4)",
        "decl": {
          "start": {
            "line": 27,
            "column": 23
          },
          "end": {
            "line": 27,
            "column": 24
          }
        },
        "loc": {
          "start": {
            "line": 27,
            "column": 35
          },
          "end": {
            "line": 30,
            "column": 3
          }
        },
        "line": 27
      },
      "5": {
        "name": "(anonymous_5)",
        "decl": {
          "start": {
            "line": 31,
            "column": 23
          },
          "end": {
            "line": 31,
            "column": 24
          }
        },
        "loc": {
          "start": {
            "line": 31,
            "column": 40
          },
          "end": {
            "line": 34,
            "column": 3
          }
        },
        "line": 31
      },
      "6": {
        "name": "(anonymous_6)",
        "decl": {
          "start": {
            "line": 35,
            "column": 78
          },
          "end": {
            "line": 35,
            "column": 79
          }
        },
        "loc": {
          "start": {
            "line": 35,
            "column": 85
          },
          "end": {
            "line": 35,
            "column": 100
          }
        },
        "line": 35
      },
      "7": {
        "name": "(anonymous_7)",
        "decl": {
          "start": {
            "line": 36,
            "column": 149
          },
          "end": {
            "line": 36,
            "column": 150
          }
        },
        "loc": {
          "start": {
            "line": 36,
            "column": 160
          },
          "end": {
            "line": 36,
            "column": 197
          }
        },
        "line": 36
      },
      "8": {
        "name": "(anonymous_8)",
        "decl": {
          "start": {
            "line": 52,
            "column": 53
          },
          "end": {
            "line": 52,
            "column": 54
          }
        },
        "loc": {
          "start": {
            "line": 52,
            "column": 64
          },
          "end": {
            "line": 54,
            "column": 1
          }
        },
        "line": 52
      },
      "9": {
        "name": "(anonymous_9)",
        "decl": {
          "start": {
            "line": 65,
            "column": 9
          },
          "end": {
            "line": 65,
            "column": 10
          }
        },
        "loc": {
          "start": {
            "line": 65,
            "column": 29
          },
          "end": {
            "line": 74,
            "column": 3
          }
        },
        "line": 65
      },
      "10": {
        "name": "(anonymous_10)",
        "decl": {
          "start": {
            "line": 67,
            "column": 27
          },
          "end": {
            "line": 67,
            "column": 28
          }
        },
        "loc": {
          "start": {
            "line": 67,
            "column": 44
          },
          "end": {
            "line": 73,
            "column": 5
          }
        },
        "line": 67
      }
    },
    "branchMap": {
      "0": {
        "loc": {
          "start": {
            "line": 5,
            "column": 0
          },
          "end": {
            "line": 15,
            "column": 1
          }
        },
        "type": "if",
        "locations": [
          {
            "start": {
              "line": 5,
              "column": 0
            },
            "end": {
              "line": 15,
              "column": 1
            }
          },
          {
            "start": {},
            "end": {}
          }
        ],
        "line": 5
      },
      "1": {
        "loc": {
          "start": {
            "line": 6,
            "column": 2
          },
          "end": {
            "line": 8,
            "column": 3
          }
        },
        "type": "if",
        "locations": [
          {
            "start": {
              "line": 6,
              "column": 2
            },
            "end": {
              "line": 8,
              "column": 3
            }
          },
          {
            "start": {},
            "end": {}
          }
        ],
        "line": 6
      },
      "2": {
        "loc": {
          "start": {
            "line": 28,
            "column": 24
          },
          "end": {
            "line": 28,
            "column": 42
          }
        },
        "type": "cond-expr",
        "locations": [
          {
            "start": {
              "line": 28,
              "column": 32
            },
            "end": {
              "line": 28,
              "column": 37
            }
          },
          {
            "start": {
              "line": 28,
              "column": 40
            },
            "end": {
              "line": 28,
              "column": 42
            }
          }
        ],
        "line": 28
      },
      "3": {
        "loc": {
          "start": {
            "line": 59,
            "column": 0
          },
          "end": {
            "line": 75,
            "column": 1
          }
        },
        "type": "if",
        "locations": [
          {
            "start": {
              "line": 59,
              "column": 0
            },
            "end": {
              "line": 75,
              "column": 1
            }
          },
          {
            "start": {},
            "end": {}
          }
        ],
        "line": 59
      },
      "4": {
        "loc": {
          "start": {
            "line": 68,
            "column": 6
          },
          "end": {
            "line": 69,
            "column": 15
          }
        },
        "type": "if",
        "locations": [
          {
            "start": {
              "line": 68,
              "column": 6
            },
            "end": {
              "line": 69,
              "column": 15
            }
          },
          {
            "start": {},
            "end": {}
          }
        ],
        "line": 68
      },
      "5": {
        "loc": {
          "start": {
            "line": 71,
            "column": 6
          },
          "end": {
            "line": 72,
            "column": 54
          }
        },
        "type": "if",
        "locations": [
          {
            "start": {
              "line": 71,
              "column": 6
            },
            "end": {
              "line": 72,
              "column": 54
            }
          },
          {
            "start": {},
            "end": {}
          }
        ],
        "line": 71
      }
    },
    "s": {
      "0": 12,
      "1": 12,
      "2": 0,
      "3": 12,
      "4": 12,
      "5": 12,
      "6": 12,
      "7": 12,
      "8": 12,
      "9": 104,
      "10": 104,
      "11": 104,
      "12": 146,
      "13": 104,
      "14": 26,
      "15": 104,
      "16": 4,
      "17": 4,
      "18": 104,
      "19": 4,
      "20": 4,
      "21": 104,
      "22": 4,
      "23": 26,
      "24": 12,
      "25": 10,
      "26": 12,
      "27": 12,
      "28": 12,
      "29": 12,
      "30": 12,
      "31": 12,
      "32": 12,
      "33": 12,
      "34": 0,
      "35": 0,
      "36": 0,
      "37": 0,
      "38": 0
    },
    "f": {
      "0": 12,
      "1": 104,
      "2": 146,
      "3": 26,
      "4": 4,
      "5": 4,
      "6": 4,
      "7": 26,
      "8": 10,
      "9": 12,
      "10": 0
    },
    "b": {
      "0": [
        12,
        0
      ],
      "1": [
        0,
        12
      ],
      "2": [
        4,
        0
      ],
      "3": [
        12,
        0
      ],
      "4": [
        0,
        0
      ],
      "5": [
        0,
        0
      ]
    },
    "inputSourceMap": {
      "version": 3,
      "mappings": "AAwBM;;;;;;;;;;;;;;;;AAvBN,SAASA,gBAAgBC,sBAAsB;AAC/C,SAASC,gBAAgB;AACzB,SAASC,mBAAmB;AAE5B,SAASC,YAAY;AAAAC;AACnB,QAAMC,WAAWN,eAAe;AAChC,QAAMO,QAAQN,eAAgBO,WAAUA,MAAMC,OAAOF,KAAK;AAC1D,QAAMG,oBAAoBA,CAACC,QAAgB;AACzCL,aAASJ,SAASS,GAAG,CAAC;AAAA,EACxB;AAEA,QAAMC,eAAe,YAAY;AAC/B,UAAMC,cAAcN,QAAQA,QAAQ;AACpCD,aAASH,YAAYU,WAAW,CAAC;AAAA,EACnC;AAEA,QAAMC,eAAe,OAAOC,UAA4C;AACtEA,UAAMC,eAAe;AACrBJ,iBAAa;AAAA,EACf;AAEA,SACE,uBAAC,UAAK,WAAU,eAAc,UAAWK,OAAMH,aAAaG,CAAC,GAC3D;AAAA,2BAAC,WACC,WAAU,cACV,MAAK,QACL,aAAY,0CACZ,OACA,UAAWF,WAAUL,kBAAkBK,MAAMG,OAAOX,KAAK,KAL3D;AAAA;AAAA;AAAA;AAAA,WAK6D;AAAA,IAE7D,uBAAC,WAAM,WAAU,YAAW,MAAK,UAAS,OAAM,YAAhD;AAAA;AAAA;AAAA;AAAA,WAAwD;AAAA,OAR1D;AAAA;AAAA;AAAA;AAAA,SASA;AAEJ;AAACF,GA7BQD,WAAS;AAAA,UACCJ,gBACHC,cAAc;AAAA;AAAAkB,KAFrBf;AA+BT,SAASA;AAAY;AAAAgB",
      "names": [
        "useAppDispatch",
        "useAppSelector",
        "setValue",
        "fetchMovies",
        "SearchBar",
        "_s",
        "dispatch",
        "value",
        "state",
        "search",
        "changeSearchValue",
        "str",
        "requestToApi",
        "searchQuery",
        "handleSubmit",
        "event",
        "preventDefault",
        "e",
        "target",
        "_c",
        "$RefreshReg$"
      ],
      "sources": [
        "D:/RS_School/GAMES/REACT/last/react/react-app/src/components/SearchBar.tsx"
      ],
      "file": "D:/RS_School/GAMES/REACT/last/react/react-app/src/components/SearchBar.tsx"
    },
    "_coverageSchema": "1a1c01bbd47fc00a2c39e90264f33305004495a9",
    "hash": "4d8c8f15d25c98bc97362a41a8a1ec85de047742"
  },
  "D:/RS_School/GAMES/REACT/last/react/react-app/src/components/Card.tsx": {
    "path": "D:/RS_School/GAMES/REACT/last/react/react-app/src/components/Card.tsx",
    "statementMap": {
      "0": {
        "start": {
          "line": 5,
          "column": 0
        },
        "end": {
          "line": 15,
          "column": 1
        }
      },
      "1": {
        "start": {
          "line": 6,
          "column": 2
        },
        "end": {
          "line": 8,
          "column": 3
        }
      },
      "2": {
        "start": {
          "line": 7,
          "column": 4
        },
        "end": {
          "line": 7,
          "column": 165
        }
      },
      "3": {
        "start": {
          "line": 9,
          "column": 2
        },
        "end": {
          "line": 9,
          "column": 39
        }
      },
      "4": {
        "start": {
          "line": 10,
          "column": 2
        },
        "end": {
          "line": 10,
          "column": 39
        }
      },
      "5": {
        "start": {
          "line": 11,
          "column": 2
        },
        "end": {
          "line": 13,
          "column": 4
        }
      },
      "6": {
        "start": {
          "line": 12,
          "column": 4
        },
        "end": {
          "line": 12,
          "column": 113
        }
      },
      "7": {
        "start": {
          "line": 14,
          "column": 2
        },
        "end": {
          "line": 14,
          "column": 75
        }
      },
      "8": {
        "start": {
          "line": 16,
          "column": 9
        },
        "end": {
          "line": 16,
          "column": 23
        }
      },
      "9": {
        "start": {
          "line": 18,
          "column": 13
        },
        "end": {
          "line": 93,
          "column": 1
        }
      },
      "10": {
        "start": {
          "line": 29,
          "column": 2
        },
        "end": {
          "line": 29,
          "column": 7
        }
      },
      "11": {
        "start": {
          "line": 30,
          "column": 32
        },
        "end": {
          "line": 30,
          "column": 62
        }
      },
      "12": {
        "start": {
          "line": 31,
          "column": 42
        },
        "end": {
          "line": 31,
          "column": 58
        }
      },
      "13": {
        "start": {
          "line": 32,
          "column": 2
        },
        "end": {
          "line": 37,
          "column": 11
        }
      },
      "14": {
        "start": {
          "line": 33,
          "column": 23
        },
        "end": {
          "line": 33,
          "column": 60
        }
      },
      "15": {
        "start": {
          "line": 34,
          "column": 4
        },
        "end": {
          "line": 36,
          "column": 5
        }
      },
      "16": {
        "start": {
          "line": 35,
          "column": 6
        },
        "end": {
          "line": 35,
          "column": 40
        }
      },
      "17": {
        "start": {
          "line": 38,
          "column": 2
        },
        "end": {
          "line": 45,
          "column": 31
        }
      },
      "18": {
        "start": {
          "line": 39,
          "column": 4
        },
        "end": {
          "line": 44,
          "column": 5
        }
      },
      "19": {
        "start": {
          "line": 40,
          "column": 6
        },
        "end": {
          "line": 40,
          "column": 32
        }
      },
      "20": {
        "start": {
          "line": 42,
          "column": 26
        },
        "end": {
          "line": 42,
          "column": 34
        }
      },
      "21": {
        "start": {
          "line": 43,
          "column": 6
        },
        "end": {
          "line": 43,
          "column": 35
        }
      },
      "22": {
        "start": {
          "line": 46,
          "column": 22
        },
        "end": {
          "line": 49,
          "column": 3
        }
      },
      "23": {
        "start": {
          "line": 47,
          "column": 4
        },
        "end": {
          "line": 47,
          "column": 57
        }
      },
      "24": {
        "start": {
          "line": 48,
          "column": 4
        },
        "end": {
          "line": 48,
          "column": 25
        }
      },
      "25": {
        "start": {
          "line": 50,
          "column": 2
        },
        "end": {
          "line": 92,
          "column": 11
        }
      },
      "26": {
        "start": {
          "line": 94,
          "column": 0
        },
        "end": {
          "line": 94,
          "column": 41
        }
      },
      "27": {
        "start": {
          "line": 95,
          "column": 0
        },
        "end": {
          "line": 95,
          "column": 10
        }
      },
      "28": {
        "start": {
          "line": 98,
          "column": 0
        },
        "end": {
          "line": 98,
          "column": 25
        }
      },
      "29": {
        "start": {
          "line": 99,
          "column": 0
        },
        "end": {
          "line": 115,
          "column": 1
        }
      },
      "30": {
        "start": {
          "line": 100,
          "column": 2
        },
        "end": {
          "line": 100,
          "column": 39
        }
      },
      "31": {
        "start": {
          "line": 101,
          "column": 2
        },
        "end": {
          "line": 101,
          "column": 39
        }
      },
      "32": {
        "start": {
          "line": 102,
          "column": 2
        },
        "end": {
          "line": 114,
          "column": 5
        }
      },
      "33": {
        "start": {
          "line": 106,
          "column": 4
        },
        "end": {
          "line": 106,
          "column": 139
        }
      },
      "34": {
        "start": {
          "line": 107,
          "column": 4
        },
        "end": {
          "line": 113,
          "column": 7
        }
      },
      "35": {
        "start": {
          "line": 108,
          "column": 6
        },
        "end": {
          "line": 109,
          "column": 15
        }
      },
      "36": {
        "start": {
          "line": 109,
          "column": 8
        },
        "end": {
          "line": 109,
          "column": 15
        }
      },
      "37": {
        "start": {
          "line": 110,
          "column": 32
        },
        "end": {
          "line": 110,
          "column": 115
        }
      },
      "38": {
        "start": {
          "line": 111,
          "column": 6
        },
        "end": {
          "line": 112,
          "column": 54
        }
      },
      "39": {
        "start": {
          "line": 112,
          "column": 8
        },
        "end": {
          "line": 112,
          "column": 54
        }
      }
    },
    "fnMap": {
      "0": {
        "name": "(anonymous_0)",
        "decl": {
          "start": {
            "line": 11,
            "column": 24
          },
          "end": {
            "line": 11,
            "column": 25
          }
        },
        "loc": {
          "start": {
            "line": 11,
            "column": 38
          },
          "end": {
            "line": 13,
            "column": 3
          }
        },
        "line": 11
      },
      "1": {
        "name": "(anonymous_1)",
        "decl": {
          "start": {
            "line": 18,
            "column": 13
          },
          "end": {
            "line": 18,
            "column": 14
          }
        },
        "loc": {
          "start": {
            "line": 28,
            "column": 6
          },
          "end": {
            "line": 93,
            "column": 1
          }
        },
        "line": 28
      },
      "2": {
        "name": "(anonymous_2)",
        "decl": {
          "start": {
            "line": 32,
            "column": 12
          },
          "end": {
            "line": 32,
            "column": 13
          }
        },
        "loc": {
          "start": {
            "line": 32,
            "column": 18
          },
          "end": {
            "line": 37,
            "column": 3
          }
        },
        "line": 32
      },
      "3": {
        "name": "(anonymous_3)",
        "decl": {
          "start": {
            "line": 38,
            "column": 12
          },
          "end": {
            "line": 38,
            "column": 13
          }
        },
        "loc": {
          "start": {
            "line": 38,
            "column": 18
          },
          "end": {
            "line": 45,
            "column": 3
          }
        },
        "line": 38
      },
      "4": {
        "name": "(anonymous_4)",
        "decl": {
          "start": {
            "line": 46,
            "column": 22
          },
          "end": {
            "line": 46,
            "column": 23
          }
        },
        "loc": {
          "start": {
            "line": 46,
            "column": 28
          },
          "end": {
            "line": 49,
            "column": 3
          }
        },
        "line": 46
      },
      "5": {
        "name": "(anonymous_5)",
        "decl": {
          "start": {
            "line": 105,
            "column": 9
          },
          "end": {
            "line": 105,
            "column": 10
          }
        },
        "loc": {
          "start": {
            "line": 105,
            "column": 29
          },
          "end": {
            "line": 114,
            "column": 3
          }
        },
        "line": 105
      },
      "6": {
        "name": "(anonymous_6)",
        "decl": {
          "start": {
            "line": 107,
            "column": 27
          },
          "end": {
            "line": 107,
            "column": 28
          }
        },
        "loc": {
          "start": {
            "line": 107,
            "column": 44
          },
          "end": {
            "line": 113,
            "column": 5
          }
        },
        "line": 107
      }
    },
    "branchMap": {
      "0": {
        "loc": {
          "start": {
            "line": 5,
            "column": 0
          },
          "end": {
            "line": 15,
            "column": 1
          }
        },
        "type": "if",
        "locations": [
          {
            "start": {
              "line": 5,
              "column": 0
            },
            "end": {
              "line": 15,
              "column": 1
            }
          },
          {
            "start": {},
            "end": {}
          }
        ],
        "line": 5
      },
      "1": {
        "loc": {
          "start": {
            "line": 6,
            "column": 2
          },
          "end": {
            "line": 8,
            "column": 3
          }
        },
        "type": "if",
        "locations": [
          {
            "start": {
              "line": 6,
              "column": 2
            },
            "end": {
              "line": 8,
              "column": 3
            }
          },
          {
            "start": {},
            "end": {}
          }
        ],
        "line": 6
      },
      "2": {
        "loc": {
          "start": {
            "line": 30,
            "column": 41
          },
          "end": {
            "line": 30,
            "column": 61
          }
        },
        "type": "binary-expr",
        "locations": [
          {
            "start": {
              "line": 30,
              "column": 41
            },
            "end": {
              "line": 30,
              "column": 52
            }
          },
          {
            "start": {
              "line": 30,
              "column": 56
            },
            "end": {
              "line": 30,
              "column": 61
            }
          }
        ],
        "line": 30
      },
      "3": {
        "loc": {
          "start": {
            "line": 34,
            "column": 4
          },
          "end": {
            "line": 36,
            "column": 5
          }
        },
        "type": "if",
        "locations": [
          {
            "start": {
              "line": 34,
              "column": 4
            },
            "end": {
              "line": 36,
              "column": 5
            }
          },
          {
            "start": {},
            "end": {}
          }
        ],
        "line": 34
      },
      "4": {
        "loc": {
          "start": {
            "line": 39,
            "column": 4
          },
          "end": {
            "line": 44,
            "column": 5
          }
        },
        "type": "if",
        "locations": [
          {
            "start": {
              "line": 39,
              "column": 4
            },
            "end": {
              "line": 44,
              "column": 5
            }
          },
          {
            "start": {
              "line": 41,
              "column": 11
            },
            "end": {
              "line": 44,
              "column": 5
            }
          }
        ],
        "line": 39
      },
      "5": {
        "loc": {
          "start": {
            "line": 79,
            "column": 181
          },
          "end": {
            "line": 79,
            "column": 220
          }
        },
        "type": "cond-expr",
        "locations": [
          {
            "start": {
              "line": 79,
              "column": 191
            },
            "end": {
              "line": 79,
              "column": 203
            }
          },
          {
            "start": {
              "line": 79,
              "column": 206
            },
            "end": {
              "line": 79,
              "column": 220
            }
          }
        ],
        "line": 79
      },
      "6": {
        "loc": {
          "start": {
            "line": 99,
            "column": 0
          },
          "end": {
            "line": 115,
            "column": 1
          }
        },
        "type": "if",
        "locations": [
          {
            "start": {
              "line": 99,
              "column": 0
            },
            "end": {
              "line": 115,
              "column": 1
            }
          },
          {
            "start": {},
            "end": {}
          }
        ],
        "line": 99
      },
      "7": {
        "loc": {
          "start": {
            "line": 108,
            "column": 6
          },
          "end": {
            "line": 109,
            "column": 15
          }
        },
        "type": "if",
        "locations": [
          {
            "start": {
              "line": 108,
              "column": 6
            },
            "end": {
              "line": 109,
              "column": 15
            }
          },
          {
            "start": {},
            "end": {}
          }
        ],
        "line": 108
      },
      "8": {
        "loc": {
          "start": {
            "line": 111,
            "column": 6
          },
          "end": {
            "line": 112,
            "column": 54
          }
        },
        "type": "if",
        "locations": [
          {
            "start": {
              "line": 111,
              "column": 6
            },
            "end": {
              "line": 112,
              "column": 54
            }
          },
          {
            "start": {},
            "end": {}
          }
        ],
        "line": 111
      }
    },
    "s": {
      "0": 12,
      "1": 12,
      "2": 0,
      "3": 12,
      "4": 12,
      "5": 12,
      "6": 12,
      "7": 12,
      "8": 12,
      "9": 12,
      "10": 4768,
      "11": 4768,
      "12": 4768,
      "13": 4768,
      "14": 1712,
      "15": 1712,
      "16": 0,
      "17": 4768,
      "18": 1712,
      "19": 4,
      "20": 1708,
      "21": 1708,
      "22": 4768,
      "23": 0,
      "24": 0,
      "25": 4768,
      "26": 12,
      "27": 12,
      "28": 12,
      "29": 12,
      "30": 12,
      "31": 12,
      "32": 12,
      "33": 12,
      "34": 12,
      "35": 0,
      "36": 0,
      "37": 0,
      "38": 0,
      "39": 0
    },
    "f": {
      "0": 12,
      "1": 4768,
      "2": 1712,
      "3": 1712,
      "4": 0,
      "5": 12,
      "6": 0
    },
    "b": {
      "0": [
        12,
        0
      ],
      "1": [
        0,
        12
      ],
      "2": [
        4768,
        4768
      ],
      "3": [
        0,
        1712
      ],
      "4": [
        4,
        1708
      ],
      "5": [
        0,
        4768
      ],
      "6": [
        12,
        0
      ],
      "7": [
        0,
        0
      ],
      "8": [
        0,
        0
      ]
    },
    "inputSourceMap": {
      "version": 3,
      "mappings": "AAuDM;;;;;;;;;;;;;;;;AAvDN,SAAgBA,UAAUC,iBAAiB;AAkB3C,MAAMC,OAA6BA,CAAC;AAAA,EAClCC,SAASC;AAAAA,EACTC;AAAAA,EACAC;AAAAA,EACAC;AAAAA,EACAC;AAAAA,EACAC;AAAAA,EACAC;AAAAA,EACAC;AAAAA,EACAC;AACF,MAAM;AAAAC;AACJ,QAAM,CAACV,SAASW,UAAU,IAAId,SAASI,eAAe,KAAK;AAC3D,QAAM,CAACW,cAAcC,eAAe,IAAIhB,SAA6BiB,MAAS;AAE9EhB,YAAU,MAAM;AACd,UAAMiB,aAAaC,aAAaC,QAAS,WAAUf,IAAI;AACvD,QAAIa,YAAY;AACdJ,iBAAWI,eAAe,MAAM;AAAA,IAClC;AAAA,EACF,GAAG,CAACb,EAAE,CAAC;AAEPJ,YAAU,MAAM;AACd,QAAIS,UAAU;AACZM,sBAAgBN,QAAQ;AAAA,IAC1B,OAAO;AACL,YAAMW,cAAcV;AACpBK,sBAAgBK,WAAW;AAAA,IAC7B;AAAA,EACF,GAAG,CAACX,UAAUL,IAAIM,QAAQ,CAAC;AAE3B,QAAMW,cAAcA,MAAM;AACxBH,iBAAaI,QAAS,WAAUlB,MAAO,GAAE,CAACF,SAAS;AACnDW,eAAW,CAACX,OAAO;AAAA,EACrB;AAEA,SACE,uBAAC,SAAI,WAAU,QAAO,eAAY,QAAO,SAASS,aAChD;AAAA,2BAAC,SAAI,WAAU,YAAW,OAAO,KAAK,QAAQ,KAAK,KAAKG,cAAc,KAAI,cAA1E;AAAA;AAAA;AAAA;AAAA,WAAoF;AAAA,IACpF,uBAAC,OAAE,WAAU,SACVT;AAAAA;AAAAA,MAAM;AAAA,MAAGE,aAAagB,MAAM,GAAG,CAAC;AAAA,MAAE;AAAA,SADrC;AAAA;AAAA;AAAA;AAAA,WAEA;AAAA,IACA,uBAAC,OAAE,WAAU,oBAAoBjB,yBAAjC;AAAA;AAAA;AAAA;AAAA,WAA6C;AAAA,IAC7C,uBAAC,OAAE,WAAU,SAAQ;AAAA;AAAA,MAAOE;AAAAA,SAA5B;AAAA;AAAA;AAAA;AAAA,WAAkC;AAAA,IAElC,uBAAC,YAAO,WAAU,YAAW,SAASa,aACpC,iCAAC,SACC,WAAU,gBACV,OAAO,IACP,QAAQ,IACR,KAAKnB,UAAU,eAAe,gBAC9B,KAAI,iBALN;AAAA;AAAA;AAAA;AAAA,WAKmB,KANrB;AAAA;AAAA;AAAA;AAAA,WAQA;AAAA,OAhBF;AAAA;AAAA;AAAA;AAAA,SAiBA;AAEJ;AAAEU,GAvDIX,MAA0B;AAAAuB,KAA1BvB;AAyDN,SAASA;AAAO;AAAAwB",
      "names": [
        "useState",
        "useEffect",
        "Card",
        "isLiked",
        "propIsLiked",
        "id",
        "title",
        "description",
        "releaseDate",
        "genre",
        "imageUrl",
        "imageSrc",
        "onCardClick",
        "_s",
        "setIsLiked",
        "imageDataSrc",
        "setImageDataSrc",
        "undefined",
        "localValue",
        "localStorage",
        "getItem",
        "newImageSrc",
        "handleClick",
        "setItem",
        "slice",
        "_c",
        "$RefreshReg$"
      ],
      "sources": [
        "D:/RS_School/GAMES/REACT/last/react/react-app/src/components/Card.tsx"
      ],
      "file": "D:/RS_School/GAMES/REACT/last/react/react-app/src/components/Card.tsx"
    },
    "_coverageSchema": "1a1c01bbd47fc00a2c39e90264f33305004495a9",
    "hash": "0814a3240b64bbd6d03e31ac18d97bc6dc5ee885"
  },
  "D:/RS_School/GAMES/REACT/last/react/react-app/src/components/Popup.tsx": {
    "path": "D:/RS_School/GAMES/REACT/last/react/react-app/src/components/Popup.tsx",
    "statementMap": {
      "0": {
        "start": {
          "line": 5,
          "column": 0
        },
        "end": {
          "line": 15,
          "column": 1
        }
      },
      "1": {
        "start": {
          "line": 6,
          "column": 2
        },
        "end": {
          "line": 8,
          "column": 3
        }
      },
      "2": {
        "start": {
          "line": 7,
          "column": 4
        },
        "end": {
          "line": 7,
          "column": 165
        }
      },
      "3": {
        "start": {
          "line": 9,
          "column": 2
        },
        "end": {
          "line": 9,
          "column": 39
        }
      },
      "4": {
        "start": {
          "line": 10,
          "column": 2
        },
        "end": {
          "line": 10,
          "column": 39
        }
      },
      "5": {
        "start": {
          "line": 11,
          "column": 2
        },
        "end": {
          "line": 13,
          "column": 4
        }
      },
      "6": {
        "start": {
          "line": 12,
          "column": 4
        },
        "end": {
          "line": 12,
          "column": 114
        }
      },
      "7": {
        "start": {
          "line": 14,
          "column": 2
        },
        "end": {
          "line": 14,
          "column": 75
        }
      },
      "8": {
        "start": {
          "line": 16,
          "column": 14
        },
        "end": {
          "line": 162,
          "column": 1
        }
      },
      "9": {
        "start": {
          "line": 21,
          "column": 2
        },
        "end": {
          "line": 23,
          "column": 3
        }
      },
      "10": {
        "start": {
          "line": 22,
          "column": 4
        },
        "end": {
          "line": 22,
          "column": 16
        }
      },
      "11": {
        "start": {
          "line": 33,
          "column": 6
        },
        "end": {
          "line": 33,
          "column": 11
        }
      },
      "12": {
        "start": {
          "line": 34,
          "column": 2
        },
        "end": {
          "line": 161,
          "column": 11
        }
      },
      "13": {
        "start": {
          "line": 163,
          "column": 0
        },
        "end": {
          "line": 163,
          "column": 11
        }
      },
      "14": {
        "start": {
          "line": 166,
          "column": 0
        },
        "end": {
          "line": 166,
          "column": 26
        }
      },
      "15": {
        "start": {
          "line": 167,
          "column": 0
        },
        "end": {
          "line": 183,
          "column": 1
        }
      },
      "16": {
        "start": {
          "line": 168,
          "column": 2
        },
        "end": {
          "line": 168,
          "column": 39
        }
      },
      "17": {
        "start": {
          "line": 169,
          "column": 2
        },
        "end": {
          "line": 169,
          "column": 39
        }
      },
      "18": {
        "start": {
          "line": 170,
          "column": 2
        },
        "end": {
          "line": 182,
          "column": 5
        }
      },
      "19": {
        "start": {
          "line": 174,
          "column": 4
        },
        "end": {
          "line": 174,
          "column": 140
        }
      },
      "20": {
        "start": {
          "line": 175,
          "column": 4
        },
        "end": {
          "line": 181,
          "column": 7
        }
      },
      "21": {
        "start": {
          "line": 176,
          "column": 6
        },
        "end": {
          "line": 177,
          "column": 15
        }
      },
      "22": {
        "start": {
          "line": 177,
          "column": 8
        },
        "end": {
          "line": 177,
          "column": 15
        }
      },
      "23": {
        "start": {
          "line": 178,
          "column": 32
        },
        "end": {
          "line": 178,
          "column": 115
        }
      },
      "24": {
        "start": {
          "line": 179,
          "column": 6
        },
        "end": {
          "line": 180,
          "column": 54
        }
      },
      "25": {
        "start": {
          "line": 180,
          "column": 8
        },
        "end": {
          "line": 180,
          "column": 54
        }
      }
    },
    "fnMap": {
      "0": {
        "name": "(anonymous_0)",
        "decl": {
          "start": {
            "line": 11,
            "column": 24
          },
          "end": {
            "line": 11,
            "column": 25
          }
        },
        "loc": {
          "start": {
            "line": 11,
            "column": 38
          },
          "end": {
            "line": 13,
            "column": 3
          }
        },
        "line": 11
      },
      "1": {
        "name": "(anonymous_1)",
        "decl": {
          "start": {
            "line": 16,
            "column": 14
          },
          "end": {
            "line": 16,
            "column": 15
          }
        },
        "loc": {
          "start": {
            "line": 20,
            "column": 6
          },
          "end": {
            "line": 162,
            "column": 1
          }
[...]
            "start": {},
            "end": {}
          }
        ],
        "line": 78
      }
    },
    "s": {
      "0": 12,
      "1": 12,
      "2": 0,
      "3": 12,
      "4": 12,
      "5": 12,
      "6": 12,
      "7": 12,
      "8": 12,
      "9": 12,
      "10": 20,
      "11": 20,
      "12": 20,
      "13": 22,
      "14": 20,
      "15": 20,
      "16": 2,
      "17": 2,
      "18": 20,
      "19": 4,
      "20": 12,
      "21": 6,
      "22": 12,
      "23": 12,
      "24": 12,
      "25": 12,
      "26": 12,
      "27": 12,
      "28": 12,
      "29": 12,
      "30": 0,
      "31": 0,
      "32": 0,
      "33": 0,
      "34": 0
    },
    "f": {
      "0": 12,
      "1": 20,
      "2": 22,
      "3": 2,
      "4": 4,
      "5": 6,
      "6": 12,
      "7": 0
    },
    "b": {
      "0": [
        12,
        0
      ],
      "1": [
        0,
        12
      ],
      "2": [
        12,
        0
      ],
      "3": [
        0,
        0
      ],
      "4": [
        0,
        0
      ]
    },
    "inputSourceMap": {
      "version": 3,
      "mappings": "AAgCM;;;;;;;;;;;;;;;;AAhCN,SAAgBA,cAAc;AAC9B,SAASC,gBAAgBC,sBAAsB;AAE/C,SAASC,YAAY;AACrB,OAAOC,cAAkC;AACzC,SAASC,mBAAmB;AAa5B,MAAMC,WAAgCA,MAAM;AAAAC;AAC1C,QAAMC,WAAWP,eAAe;AAChC,QAAMQ,WAAWP,eAAgBQ,WAAUA,MAAMC,KAAKF,QAAQ;AAC9D,QAAMG,aAAaZ,OAAuB,IAAI;AAE9C,QAAMa,WAAWA,CAACC,SAAyB;AACzC,UAAMC,cAAyB;AAAA,MAC7B,GAAGD;AAAAA,IACL;AACAN,aAASH,YAAYU,WAAW,CAAC;AAAA,EACnC;AAEA,SACE,uBAAC,SAAI,WAAU,WACb;AAAA,2BAAC,QAAG,WAAU,eAAc,iDAA5B;AAAA;AAAA;AAAA;AAAA,WAA6D;AAAA,IAC7D,uBAAC,YAAS,YAAV;AAAA;AAAA;AAAA;AAAA,WAA6B;AAAA,IAC7B,uBAAC,SAAI,WAAU,cAAa,KAAKH,YAC9BH,mBAASO,IAAI,CAACC,MAAMC,UACnB,uBAAC,QAAK,IAAIC,KAAKC,IAAI,EAAEC,SAAS,GAAe,GAAIJ,QAAXC,OAAtC;AAAA;AAAA;AAAA;AAAA,WAAsD,CACvD,KAHH;AAAA;AAAA;AAAA;AAAA,WAIA;AAAA,OAPF;AAAA;AAAA;AAAA;AAAA,SAQA;AAEJ;AAAEX,GAvBID,UAA6B;AAAA,UAChBL,gBACAC,cAAc;AAAA;AAAAoB,KAF3BhB;AAyBN,SAASA;AAAW;AAAAiB",
      "names": [
        "useRef",
        "useAppDispatch",
        "useAppSelector",
        "Card",
        "CardForm",
        "setFormData",
        "FormPage",
        "_s",
        "dispatch",
        "cardData",
        "state",
        "form",
        "contentRef",
        "onSubmit",
        "data",
        "newCardData",
        "map",
        "card",
        "index",
        "Date",
        "now",
        "toString",
        "_c",
        "$RefreshReg$"
      ],
      "sources": [
        "D:/RS_School/GAMES/REACT/last/react/react-app/src/pages/FormPage.tsx"
      ],
      "file": "D:/RS_School/GAMES/REACT/last/react/react-app/src/pages/FormPage.tsx"
    },
    "_coverageSchema": "1a1c01bbd47fc00a2c39e90264f33305004495a9",
    "hash": "ceaeb05b3ac8034990836a7c6b9bafa7dcacf7d7"
  },
  "D:/RS_School/GAMES/REACT/last/react/react-app/src/App.tsx": {
    "path": "D:/RS_School/GAMES/REACT/last/react/react-app/src/App.tsx",
    "statementMap": {
      "0": {
        "start": {
          "line": 5,
          "column": 0
        },
        "end": {
          "line": 15,
          "column": 1
        }
      },
      "1": {
        "start": {
          "line": 6,
          "column": 2
        },
        "end": {
          "line": 8,
          "column": 3
        }
      },
      "2": {
        "start": {
          "line": 7,
          "column": 4
        },
        "end": {
          "line": 7,
          "column": 165
        }
      },
      "3": {
        "start": {
          "line": 9,
          "column": 2
        },
        "end": {
          "line": 9,
          "column": 39
        }
      },
      "4": {
        "start": {
          "line": 10,
          "column": 2
        },
        "end": {
          "line": 10,
          "column": 39
        }
      },
      "5": {
        "start": {
          "line": 11,
          "column": 2
        },
        "end": {
          "line": 13,
          "column": 4
        }
      },
      "6": {
        "start": {
          "line": 12,
          "column": 4
        },
        "end": {
          "line": 12,
          "column": 101
        }
      },
      "7": {
        "start": {
          "line": 14,
          "column": 2
        },
        "end": {
          "line": 14,
          "column": 75
        }
      },
      "8": {
        "start": {
          "line": 24,
          "column": 2
        },
        "end": {
          "line": 76,
          "column": 11
        }
      },
      "9": {
        "start": {
          "line": 78,
          "column": 0
        },
        "end": {
          "line": 78,
          "column": 9
        }
      },
      "10": {
        "start": {
          "line": 81,
          "column": 0
        },
        "end": {
          "line": 81,
          "column": 24
        }
      },
      "11": {
        "start": {
          "line": 82,
          "column": 0
        },
        "end": {
          "line": 98,
          "column": 1
        }
      },
      "12": {
        "start": {
          "line": 83,
          "column": 2
        },
        "end": {
          "line": 83,
          "column": 39
        }
      },
      "13": {
        "start": {
          "line": 84,
          "column": 2
        },
        "end": {
          "line": 84,
          "column": 39
        }
      },
      "14": {
        "start": {
          "line": 85,
          "column": 2
        },
        "end": {
          "line": 97,
          "column": 5
        }
      },
      "15": {
        "start": {
          "line": 89,
          "column": 4
        },
        "end": {
          "line": 89,
          "column": 127
        }
      },
      "16": {
        "start": {
          "line": 90,
          "column": 4
        },
        "end": {
          "line": 96,
          "column": 7
        }
      },
      "17": {
        "start": {
          "line": 91,
          "column": 6
        },
        "end": {
          "line": 92,
          "column": 15
        }
      },
      "18": {
        "start": {
          "line": 92,
          "column": 8
        },
        "end": {
          "line": 92,
          "column": 15
        }
      },
      "19": {
        "start": {
          "line": 93,
          "column": 32
        },
        "end": {
          "line": 93,
          "column": 115
        }
      },
      "20": {
        "start": {
          "line": 94,
          "column": 6
        },
        "end": {
          "line": 95,
          "column": 54
        }
      },
      "21": {
        "start": {
          "line": 95,
          "column": 8
        },
        "end": {
          "line": 95,
          "column": 54
        }
      }
    },
    "fnMap": {
      "0": {
        "name": "(anonymous_0)",
        "decl": {
          "start": {
            "line": 11,
            "column": 24
          },
          "end": {
            "line": 11,
            "column": 25
          }
        },
        "loc": {
          "start": {
            "line": 11,
            "column": 38
          },
          "end": {
            "line": 13,
            "column": 3
          }
        },
        "line": 11
      },
      "1": {
        "name": "App",
        "decl": {
          "start": {
            "line": 23,
            "column": 9
          },
          "end": {
            "line": 23,
            "column": 12
          }
        },
        "loc": {
          "start": {
            "line": 23,
            "column": 15
          },
          "end": {
            "line": 77,
            "column": 1
          }
        },
        "line": 23
      },
      "2": {
        "name": "(anonymous_2)",
        "decl": {
          "start": {
            "line": 88,
            "column": 9
          },
          "end": {
            "line": 88,
            "column": 10
          }
        },
        "loc": {
          "start": {
            "line": 88,
            "column": 29
          },
          "end": {
            "line": 97,
            "column": 3
          }
        },
        "line": 88
      },
      "3": {
        "name": "(anonymous_3)",
        "decl": {
          "start": {
            "line": 90,
            "column": 27
          },
          "end": {
            "line": 90,
            "column": 28
          }
        },
        "loc": {
          "start": {
            "line": 90,
            "column": 44
          },
          "end": {
            "line": 96,
            "column": 5
          }
        },
        "line": 90
      }
    },
    "branchMap": {
      "0": {
        "loc": {
          "start": {
            "line": 5,
            "column": 0
          },
          "end": {
            "line": 15,
            "column": 1
          }
        },
        "type": "if",
        "locations": [
          {
            "start": {
              "line": 5,
              "column": 0
            },
            "end": {
              "line": 15,
              "column": 1
            }
          },
          {
            "start": {},
            "end": {}
          }
        ],
        "line": 5
      },
      "1": {
        "loc": {
          "start": {
            "line": 6,
            "column": 2
          },
          "end": {
            "line": 8,
            "column": 3
          }
        },
        "type": "if",
        "locations": [
          {
            "start": {
              "line": 6,
              "column": 2
            },
            "end": {
              "line": 8,
              "column": 3
            }
          },
          {
            "start": {},
            "end": {}
          }
        ],
        "line": 6
      },
      "2": {
        "loc": {
          "start": {
            "line": 82,
            "column": 0
          },
          "end": {
            "line": 98,
            "column": 1
          }
        },
        "type": "if",
        "locations": [
          {
            "start": {
              "line": 82,
              "column": 0
            },
            "end": {
              "line": 98,
              "column": 1
            }
          },
          {
            "start": {},
            "end": {}
          }
        ],
        "line": 82
      },
      "3": {
        "loc": {
          "start": {
            "line": 91,
            "column": 6
          },
          "end": {
            "line": 92,
            "column": 15
          }
        },
        "type": "if",
        "locations": [
          {
            "start": {
              "line": 91,
              "column": 6
            },
            "end": {
              "line": 92,
              "column": 15
            }
          },
          {
            "start": {},
            "end": {}
          }
        ],
        "line": 91
      },
      "4": {
        "loc": {
          "start": {
            "line": 94,
            "column": 6
          },
          "end": {
            "line": 95,
            "column": 54
          }
        },
        "type": "if",
        "locations": [
          {
            "start": {
              "line": 94,
              "column": 6
            },
            "end": {
              "line": 95,
              "column": 54
            }
          },
          {
            "start": {},
            "end": {}
          }
        ],
        "line": 94
      }
    },
    "s": {
      "0": 12,
      "1": 12,
      "2": 0,
      "3": 12,
      "4": 12,
      "5": 12,
      "6": 12,
      "7": 12,
      "8": 24,
      "9": 12,
      "10": 12,
      "11": 12,
      "12": 12,
      "13": 12,
      "14": 12,
      "15": 12,
      "16": 12,
      "17": 0,
      "18": 0,
      "19": 0,
      "20": 0,
      "21": 0
    },
    "f": {
      "0": 12,
      "1": 24,
      "2": 12,
      "3": 0
    },
    "b": {
      "0": [
        12,
        0
      ],
      "1": [
        0,
        12
      ],
      "2": [
        12,
        0
      ],
      "3": [
        0,
        0
      ],
      "4": [
        0,
        0
      ]
    },
    "inputSourceMap": {
      "version": 3,
      "mappings": "AAUI,mBACE,cADF;AAVJ,2BAA0B;AAAmB;AAAA;AAAA;AAAA;AAAA;AAAA;AAAA;AAAA;AAAA;AAAA;AAAA;AAAA;AAAA;AAAA;AAC7C,SAASA,gBAAgB;AACzB,SAASC,oBAAoB;AAC7B,SAASC,OAAOC,cAAc;AAC9B,SAASC,cAAc;AACvB,SAASC,gBAAgB;AACzB,OAAO;AAEP,SAASC,MAAM;AACb,SACE,mCACE;AAAA,2BAAC,YAAD;AAAA;AAAA;AAAA;AAAA,WAAO;AAAA,IACP,uBAAC,UACC;AAAA,6BAAC,SAAM,MAAM,KAAK,SAAS,uBAAC,cAAD;AAAA;AAAA;AAAA;AAAA,aAAS,KAApC;AAAA;AAAA;AAAA;AAAA,aAAwC;AAAA,MACxC,uBAAC,SAAM,MAAM,UAAU,SAAS,uBAAC,eAAD;AAAA;AAAA;AAAA;AAAA,aAAU,KAA1C;AAAA;AAAA;AAAA;AAAA,aAA8C;AAAA,MAC9C,uBAAC,SACC,MAAM,SACN,SAAS,uBAAC,YAAS,OAAO,IAAI,aAAa,IAAI,aAAa,IAAI,OAAO,MAA9D;AAAA;AAAA;AAAA;AAAA,aAAiE,KAF5E;AAAA;AAAA;AAAA;AAAA,aAEgF;AAAA,MAEhF,uBAAC,SAAM,MAAM,KAAK,SAAS,uBAAC,kBAAD;AAAA;AAAA;AAAA;AAAA,aAAa,KAAxC;AAAA;AAAA;AAAA;AAAA,aAA4C;AAAA,SAP9C;AAAA;AAAA;AAAA;AAAA,WAQA;AAAA,OAVF;AAAA;AAAA;AAAA;AAAA,SAWA;AAEJ;AAACC,KAfQD;AAiBT,SAASA;AAAM;AAAAE",
      "names": [
        "HomePage",
        "NotFoundPage",
        "Route",
        "Routes",
        "Header",
        "FormPage",
        "App",
        "_c",
        "$RefreshReg$"
      ],
      "sources": [
        "D:/RS_School/GAMES/REACT/last/react/react-app/src/App.tsx"
      ],
      "file": "D:/RS_School/GAMES/REACT/last/react/react-app/src/App.tsx"
    },
    "_coverageSchema": "1a1c01bbd47fc00a2c39e90264f33305004495a9",
    "hash": "4fb1ae0bcb42c2752d4075b00d3c255bb923a36f"
  },
  "D:/RS_School/GAMES/REACT/last/react/react-app/src/ClientApp.tsx": {
    "path": "D:/RS_School/GAMES/REACT/last/react/react-app/src/ClientApp.tsx",
    "statementMap": {
      "0": {
        "start": {
          "line": 9,
          "column": 14
        },
        "end": {
          "line": 9,
          "column": 52
        }
      },
      "1": {
        "start": {
          "line": 10,
          "column": 0
        },
        "end": {
          "line": 10,
          "column": 34
        }
      },
      "2": {
        "start": {
          "line": 11,
          "column": 0
        },
        "end": {
          "line": 27,
          "column": 10
        }
      }
    },
    "fnMap": {},
    "branchMap": {},
    "s": {
      "0": 12,
      "1": 12,
      "2": 12
    },
    "f": {},
    "b": {},
    "inputSourceMap": {
      "version": 3,
      "mappings": "AAqBQ;AArBR,OAAOA,WAAW;AAClB,SAASC,gBAAgB;AACzB,SAAoBC,kBAAkB;AACtC,SAASC,qBAAqB;AAC9B,SAASC,mBAAmB;AAC5B,SAASC,WAAW;AAEpB,OAAO;AAMP,MAAMC,QAAQJ,WAAYK,OAAgCC,mBAAmB;AAC7E,OAAQD,OAAgCC;AAExCJ,YACEK,SAASC,eAAe,MAAM,GAC9B,uBAAC,MAAM,YAAN,EACC,iCAAC,YAAS,OACR,iCAAC,iBACC,iCAAC,SAAD;AAAA;AAAA;AAAA;AAAA,OAAI,KADN;AAAA;AAAA;AAAA;AAAA,OAEA,KAHF;AAAA;AAAA;AAAA;AAAA,OAIA,KALF;AAAA;AAAA;AAAA;AAAA,OAMA,CACF",
      "names": [
        "React",
        "Provider",
        "setupStore",
        "BrowserRouter",
        "hydrateRoot",
        "App",
        "store",
        "window",
        "__PRELOADED_STATE__",
        "document",
        "getElementById"
      ],
      "sources": [
        "D:/RS_School/GAMES/REACT/last/react/react-app/src/ClientApp.tsx"
      ],
      "file": "D:/RS_School/GAMES/REACT/last/react/react-app/src/ClientApp.tsx"
    },
    "_coverageSchema": "1a1c01bbd47fc00a2c39e90264f33305004495a9",
    "hash": "24e68c0d11bbca167e4ec0e8825295df424390ad"
  },
  "D:/RS_School/GAMES/REACT/last/react/react-app/src/setupTests.ts": {
    "path": "D:/RS_School/GAMES/REACT/last/react/react-app/src/setupTests.ts",
    "statementMap": {},
    "fnMap": {},
    "branchMap": {},
    "s": {},
    "f": {},
    "b": {}
  },
  "D:/RS_School/GAMES/REACT/last/react/react-app/src/App.test.tsx": {
    "path": "D:/RS_School/GAMES/REACT/last/react/react-app/src/App.test.tsx",
    "statementMap": {},
    "fnMap": {},
    "branchMap": {},
    "s": {},
    "f": {},
    "b": {}
  },
  "D:/RS_School/GAMES/REACT/last/react/react-app/src/ServerApp.tsx": {
    "path": "D:/RS_School/GAMES/REACT/last/react/react-app/src/ServerApp.tsx",
    "statementMap": {},
    "fnMap": {},
    "branchMap": {},
    "s": {},
    "f": {},
    "b": {}
  },
  "D:/RS_School/GAMES/REACT/last/react/react-app/src/components/Card.test.tsx": {
    "path": "D:/RS_School/GAMES/REACT/last/react/react-app/src/components/Card.test.tsx",
    "statementMap": {},
    "fnMap": {},
    "branchMap": {},
    "s": {},
    "f": {},
    "b": {}
  },
  "D:/RS_School/GAMES/REACT/last/react/react-app/src/components/CardForm.test.tsx": {
    "path": "D:/RS_School/GAMES/REACT/last/react/react-app/src/components/CardForm.test.tsx",
    "statementMap": {},
    "fnMap": {},
    "branchMap": {},
    "s": {},
    "f": {},
    "b": {}
  },
  "D:/RS_School/GAMES/REACT/last/react/react-app/src/components/Header.test.tsx": {
    "path": "D:/RS_School/GAMES/REACT/last/react/react-app/src/components/Header.test.tsx",
    "statementMap": {},
    "fnMap": {},
    "branchMap": {},
    "s": {},
    "f": {},
    "b": {}
  },
  "D:/RS_School/GAMES/REACT/last/react/react-app/src/components/Popup.test.tsx": {
    "path": "D:/RS_School/GAMES/REACT/last/react/react-app/src/components/Popup.test.tsx",
    "statementMap": {},
    "fnMap": {},
    "branchMap": {},
    "s": {},
    "f": {},
    "b": {}
  },
  "D:/RS_School/GAMES/REACT/last/react/react-app/src/components/SearchBar.test.tsx": {
    "path": "D:/RS_School/GAMES/REACT/last/react/react-app/src/components/SearchBar.test.tsx",
    "statementMap": {},
    "fnMap": {},
    "branchMap": {},
    "s": {},
    "f": {},
    "b": {}
  },
  "D:/RS_School/GAMES/REACT/last/react/react-app/src/pages/AboutPage.test.tsx": {
    "path": "D:/RS_School/GAMES/REACT/last/react/react-app/src/pages/AboutPage.test.tsx",
    "statementMap": {},
    "fnMap": {},
    "branchMap": {},
    "s": {},
    "f": {},
    "b": {}
  },
  "D:/RS_School/GAMES/REACT/last/react/react-app/src/pages/FormPage.test.tsx": {
    "path": "D:/RS_School/GAMES/REACT/last/react/react-app/src/pages/FormPage.test.tsx",
    "statementMap": {},
    "fnMap": {},
    "branchMap": {},
    "s": {},
    "f": {},
    "b": {}
  },
  "D:/RS_School/GAMES/REACT/last/react/react-app/src/pages/HomePage.test.tsx": {
    "path": "D:/RS_School/GAMES/REACT/last/react/react-app/src/pages/HomePage.test.tsx",
    "statementMap": {},
    "fnMap": {},
    "branchMap": {},
    "s": {},
    "f": {},
    "b": {}
  },
  "D:/RS_School/GAMES/REACT/last/react/react-app/src/pages/NotFoundPage.test.tsx": {
    "path": "D:/RS_School/GAMES/REACT/last/react/react-app/src/pages/NotFoundPage.test.tsx",
    "statementMap": {},
    "fnMap": {},
    "branchMap": {},
    "s": {},
    "f": {},
    "b": {}
  },
  "D:/RS_School/GAMES/REACT/last/react/react-app/src/components/UI/input/MyCheckbox.test.tsx": {
    "path": "D:/RS_School/GAMES/REACT/last/react/react-app/src/components/UI/input/MyCheckbox.test.tsx",
    "statementMap": {},
    "fnMap": {},
    "branchMap": {},
    "s": {},
    "f": {},
    "b": {}
  },
  "D:/RS_School/GAMES/REACT/last/react/react-app/src/components/UI/input/MyInput.test.tsx": {
    "path": "D:/RS_School/GAMES/REACT/last/react/react-app/src/components/UI/input/MyInput.test.tsx",
    "statementMap": {},
    "fnMap": {},
    "branchMap": {},
    "s": {},
    "f": {},
    "b": {}
  },
  "D:/RS_School/GAMES/REACT/last/react/react-app/src/components/UI/input/MyInputFile.test.tsx": {
    "path": "D:/RS_School/GAMES/REACT/last/react/react-app/src/components/UI/input/MyInputFile.test.tsx",
    "statementMap": {},
    "fnMap": {},
    "branchMap": {},
    "s": {},
    "f": {},
    "b": {}
  },
  "D:/RS_School/GAMES/REACT/last/react/react-app/src/components/UI/input/MyRadio.test.tsx": {
    "path": "D:/RS_School/GAMES/REACT/last/react/react-app/src/components/UI/input/MyRadio.test.tsx",
    "statementMap": {},
    "fnMap": {},
    "branchMap": {},
    "s": {},
    "f": {},
    "b": {}
  },
  "D:/RS_School/GAMES/REACT/last/react/react-app/src/components/UI/input/MySelect.test.tsx": {
    "path": "D:/RS_School/GAMES/REACT/last/react/react-app/src/components/UI/input/MySelect.test.tsx",
    "statementMap": {},
    "fnMap": {},
    "branchMap": {},
    "s": {},
    "f": {},
    "b": {}
  }
}
